<?xml version="1.0" encoding="UTF-8" standalone="yes"?>
<ns2:test-suite xmlns:ns2="urn:structure.allure.qatools.yandex.ru" failed="1" passed="1" skipped="1" broken="1" tests="4" start="1381237020239" stop="1381237020330" duration="91" attachments-count="4" status="failed">
    <uid>fdfca7810aef787e194e9dd782139fe001d4e2f85545494540c2cb0db6f484d2</uid>
    <name>my.company.TestWithSteps</name>
    <title>Test with steps</title>
    <test-cases start="1381237020252" stop="1381237020289" duration="37" steps-count="2" attachments-count="0" status="skipped" severity="normal">
        <uid>79f37ffd79cb323707149d30232cf2f577121d3274b37a839482be1e96fb1800</uid>
        <parent-uid>fdfca7810aef787e194e9dd782139fe001d4e2f85545494540c2cb0db6f484d2</parent-uid>
        <name>skippedTest</name>
        <title>Skipped test</title>
        <classname>my.company.TestWithSteps</classname>
        <steps start="1381237020259" stop="1381237020287" duration="28" status="passed">
            <title>Open &quot;http://www.yandex.ru&quot; page</title>
        </steps>
        <steps start="1381237020287" stop="1381237020289" duration="2" status="skipped">
            <title>Skipp Yandex pages</title>
            <failure>
                <message>got: &lt;false&gt;, expected: is &lt;true&gt;</message>
                <stack-trace>org.junit.internal.AssumptionViolatedException: got: &lt;false&gt;, expected: is &lt;true&gt;
	at org.junit.Assume.assumeThat(Assume.java:95)
	at org.junit.Assume.assumeTrue(Assume.java:41)
	at org.junit.Assume.assumeFalse(Assume.java:48)
	at my.company.steps.CommonSteps.skippYandexPage(CommonSteps.java:43)
	at my.company.steps.CommonSteps$$EnhancerByCGLIB$$b3d749d7.CGLIB$skippYandexPage$5(&lt;generated&gt;)
	at my.company.steps.CommonSteps$$EnhancerByCGLIB$$b3d749d7$$FastClassByCGLIB$$263571a0.invoke(&lt;generated&gt;)
	at net.sf.cglib.proxy.MethodProxy.invokeSuper(MethodProxy.java:215)
	at ru.yandex.qatools.allure.junit.StepsProxy.processStepMethod(StepsProxy.java:102)
	at ru.yandex.qatools.allure.junit.StepsProxy.access$000(StepsProxy.java:28)
	at ru.yandex.qatools.allure.junit.StepsProxy$1.intercept(StepsProxy.java:53)
	at my.company.steps.CommonSteps$$EnhancerByCGLIB$$b3d749d7.skippYandexPage(&lt;generated&gt;)
	at my.company.TestWithSteps.skippedTest(TestWithSteps.java:49)
	at sun.reflect.NativeMethodAccessorImpl.invoke0(Native Method)
	at sun.reflect.NativeMethodAccessorImpl.invoke(NativeMethodAccessorImpl.java:57)
	at sun.reflect.DelegatingMethodAccessorImpl.invoke(DelegatingMethodAccessorImpl.java:43)
	at java.lang.reflect.Method.invoke(Method.java:606)
	at org.junit.runners.model.FrameworkMethod$1.runReflectiveCall(FrameworkMethod.java:47)
	at org.junit.internal.runners.model.ReflectiveCallable.run(ReflectiveCallable.java:12)
	at org.junit.runners.model.FrameworkMethod.invokeExplosively(FrameworkMethod.java:44)
	at org.junit.internal.runners.statements.InvokeMethod.evaluate(InvokeMethod.java:17)
	at org.junit.rules.TestWatcher$1.evaluate(TestWatcher.java:55)
	at org.junit.rules.RunRules.evaluate(RunRules.java:20)
	at org.junit.runners.ParentRunner.runLeaf(ParentRunner.java:271)
	at org.junit.runners.BlockJUnit4ClassRunner.runChild(BlockJUnit4ClassRunner.java:70)
	at org.junit.runners.BlockJUnit4ClassRunner.runChild(BlockJUnit4ClassRunner.java:50)
	at org.junit.runners.ParentRunner$3.run(ParentRunner.java:238)
	at org.junit.runners.ParentRunner$1.schedule(ParentRunner.java:63)
	at org.junit.runners.ParentRunner.runChildren(ParentRunner.java:236)
	at org.junit.runners.ParentRunner.access$000(ParentRunner.java:53)
	at org.junit.runners.ParentRunner$2.evaluate(ParentRunner.java:229)
	at org.junit.rules.TestWatcher$1.evaluate(TestWatcher.java:55)
	at org.junit.rules.RunRules.evaluate(RunRules.java:20)
	at org.junit.runners.ParentRunner.run(ParentRunner.java:309)
	at org.apache.maven.surefire.junit4.JUnit4Provider.execute(JUnit4Provider.java:264)
	at org.apache.maven.surefire.junit4.JUnit4Provider.executeTestSet(JUnit4Provider.java:153)
	at org.apache.maven.surefire.junit4.JUnit4Provider.invoke(JUnit4Provider.java:124)
	at org.apache.maven.surefire.booter.ForkedBooter.invokeProviderInSameClassLoader(ForkedBooter.java:200)
	at org.apache.maven.surefire.booter.ForkedBooter.runSuitesInProcess(ForkedBooter.java:153)
	at org.apache.maven.surefire.booter.ForkedBooter.main(ForkedBooter.java:103)
</stack-trace>
            </failure>
        </steps>
    </test-cases>
    <test-cases start="1381237020292" stop="1381237020315" duration="23" steps-count="4" attachments-count="2" status="failed" severity="blocker">
        <uid>ac681c6a4031a1d636de5e5e950b804f815760896c38e6e26e3d75211865a01b</uid>
        <parent-uid>fdfca7810aef787e194e9dd782139fe001d4e2f85545494540c2cb0db6f484d2</parent-uid>
        <name>failedTest</name>
        <title>Failed test</title>
        <classname>my.company.TestWithSteps</classname>
        <failure>
            <stack-trace>java.lang.AssertionError
	at org.junit.Assert.fail(Assert.java:86)
	at org.junit.Assert.fail(Assert.java:95)
	at my.company.steps.CommonSteps.hasElementByXPath(CommonSteps.java:63)
	at my.company.steps.CommonSteps$$EnhancerByCGLIB$$b3d749d7.CGLIB$hasElementByXPath$7(&lt;generated&gt;)
	at my.company.steps.CommonSteps$$EnhancerByCGLIB$$b3d749d7$$FastClassByCGLIB$$263571a0.invoke(&lt;generated&gt;)
	at net.sf.cglib.proxy.MethodProxy.invokeSuper(MethodProxy.java:215)
	at ru.yandex.qatools.allure.junit.StepsProxy.processStepMethod(StepsProxy.java:102)
	at ru.yandex.qatools.allure.junit.StepsProxy.access$000(StepsProxy.java:28)
	at ru.yandex.qatools.allure.junit.StepsProxy$1.intercept(StepsProxy.java:53)
	at my.company.steps.CommonSteps$$EnhancerByCGLIB$$b3d749d7.hasElementByXPath(&lt;generated&gt;)
	at my.company.steps.CommonSteps.checkSearchResults(CommonSteps.java:34)
	at my.company.steps.CommonSteps$$EnhancerByCGLIB$$b3d749d7.CGLIB$checkSearchResults$3(&lt;generated&gt;)
	at my.company.steps.CommonSteps$$EnhancerByCGLIB$$b3d749d7$$FastClassByCGLIB$$263571a0.invoke(&lt;generated&gt;)
	at net.sf.cglib.proxy.MethodProxy.invokeSuper(MethodProxy.java:215)
	at ru.yandex.qatools.allure.junit.StepsProxy.processStepMethod(StepsProxy.java:102)
	at ru.yandex.qatools.allure.junit.StepsProxy.access$000(StepsProxy.java:28)
	at ru.yandex.qatools.allure.junit.StepsProxy$1.intercept(StepsProxy.java:53)
	at my.company.steps.CommonSteps$$EnhancerByCGLIB$$b3d749d7.checkSearchResults(&lt;generated&gt;)
	at my.company.TestWithSteps.failedTest(TestWithSteps.java:36)
	at sun.reflect.NativeMethodAccessorImpl.invoke0(Native Method)
	at sun.reflect.NativeMethodAccessorImpl.invoke(NativeMethodAccessorImpl.java:57)
	at sun.reflect.DelegatingMethodAccessorImpl.invoke(DelegatingMethodAccessorImpl.java:43)
	at java.lang.reflect.Method.invoke(Method.java:606)
	at org.junit.runners.model.FrameworkMethod$1.runReflectiveCall(FrameworkMethod.java:47)
	at org.junit.internal.runners.model.ReflectiveCallable.run(ReflectiveCallable.java:12)
	at org.junit.runners.model.FrameworkMethod.invokeExplosively(FrameworkMethod.java:44)
	at org.junit.internal.runners.statements.InvokeMethod.evaluate(InvokeMethod.java:17)
	at org.junit.rules.TestWatcher$1.evaluate(TestWatcher.java:55)
	at org.junit.rules.RunRules.evaluate(RunRules.java:20)
	at org.junit.runners.ParentRunner.runLeaf(ParentRunner.java:271)
	at org.junit.runners.BlockJUnit4ClassRunner.runChild(BlockJUnit4ClassRunner.java:70)
	at org.junit.runners.BlockJUnit4ClassRunner.runChild(BlockJUnit4ClassRunner.java:50)
	at org.junit.runners.ParentRunner$3.run(ParentRunner.java:238)
	at org.junit.runners.ParentRunner$1.schedule(ParentRunner.java:63)
	at org.junit.runners.ParentRunner.runChildren(ParentRunner.java:236)
	at org.junit.runners.ParentRunner.access$000(ParentRunner.java:53)
	at org.junit.runners.ParentRunner$2.evaluate(ParentRunner.java:229)
	at org.junit.rules.TestWatcher$1.evaluate(TestWatcher.java:55)
	at org.junit.rules.RunRules.evaluate(RunRules.java:20)
	at org.junit.runners.ParentRunner.run(ParentRunner.java:309)
	at org.apache.maven.surefire.junit4.JUnit4Provider.execute(JUnit4Provider.java:264)
	at org.apache.maven.surefire.junit4.JUnit4Provider.executeTestSet(JUnit4Provider.java:153)
	at org.apache.maven.surefire.junit4.JUnit4Provider.invoke(JUnit4Provider.java:124)
	at org.apache.maven.surefire.booter.ForkedBooter.invokeProviderInSameClassLoader(ForkedBooter.java:200)
	at org.apache.maven.surefire.booter.ForkedBooter.runSuitesInProcess(ForkedBooter.java:153)
	at org.apache.maven.surefire.booter.ForkedBooter.main(ForkedBooter.java:103)
</stack-trace>
        </failure>
        <steps start="1381237020296" stop="1381237020296" duration="0" status="passed">
            <title>Open &quot;http://www.yandex.ru&quot; page</title>
        </steps>
        <steps start="1381237020313" stop="1381237020315" duration="2" status="failed">
            <title>Check test result page</title>
            <failure>
                <stack-trace>java.lang.AssertionError
	at org.junit.Assert.fail(Assert.java:86)
	at org.junit.Assert.fail(Assert.java:95)
	at my.company.steps.CommonSteps.hasElementByXPath(CommonSteps.java:63)
	at my.company.steps.CommonSteps$$EnhancerByCGLIB$$b3d749d7.CGLIB$hasElementByXPath$7(&lt;generated&gt;)
	at my.company.steps.CommonSteps$$EnhancerByCGLIB$$b3d749d7$$FastClassByCGLIB$$263571a0.invoke(&lt;generated&gt;)
	at net.sf.cglib.proxy.MethodProxy.invokeSuper(MethodProxy.java:215)
	at ru.yandex.qatools.allure.junit.StepsProxy.processStepMethod(StepsProxy.java:102)
	at ru.yandex.qatools.allure.junit.StepsProxy.access$000(StepsProxy.java:28)
	at ru.yandex.qatools.allure.junit.StepsProxy$1.intercept(StepsProxy.java:53)
	at my.company.steps.CommonSteps$$EnhancerByCGLIB$$b3d749d7.hasElementByXPath(&lt;generated&gt;)
	at my.company.steps.CommonSteps.checkSearchResults(CommonSteps.java:34)
	at my.company.steps.CommonSteps$$EnhancerByCGLIB$$b3d749d7.CGLIB$checkSearchResults$3(&lt;generated&gt;)
	at my.company.steps.CommonSteps$$EnhancerByCGLIB$$b3d749d7$$FastClassByCGLIB$$263571a0.invoke(&lt;generated&gt;)
	at net.sf.cglib.proxy.MethodProxy.invokeSuper(MethodProxy.java:215)
	at ru.yandex.qatools.allure.junit.StepsProxy.processStepMethod(StepsProxy.java:102)
	at ru.yandex.qatools.allure.junit.StepsProxy.access$000(StepsProxy.java:28)
	at ru.yandex.qatools.allure.junit.StepsProxy$1.intercept(StepsProxy.java:53)
	at my.company.steps.CommonSteps$$EnhancerByCGLIB$$b3d749d7.checkSearchResults(&lt;generated&gt;)
	at my.company.TestWithSteps.failedTest(TestWithSteps.java:36)
	at sun.reflect.NativeMethodAccessorImpl.invoke0(Native Method)
	at sun.reflect.NativeMethodAccessorImpl.invoke(NativeMethodAccessorImpl.java:57)
	at sun.reflect.DelegatingMethodAccessorImpl.invoke(DelegatingMethodAccessorImpl.java:43)
	at java.lang.reflect.Method.invoke(Method.java:606)
	at org.junit.runners.model.FrameworkMethod$1.runReflectiveCall(FrameworkMethod.java:47)
	at org.junit.internal.runners.model.ReflectiveCallable.run(ReflectiveCallable.java:12)
	at org.junit.runners.model.FrameworkMethod.invokeExplosively(FrameworkMethod.java:44)
	at org.junit.internal.runners.statements.InvokeMethod.evaluate(InvokeMethod.java:17)
	at org.junit.rules.TestWatcher$1.evaluate(TestWatcher.java:55)
	at org.junit.rules.RunRules.evaluate(RunRules.java:20)
	at org.junit.runners.ParentRunner.runLeaf(ParentRunner.java:271)
	at org.junit.runners.BlockJUnit4ClassRunner.runChild(BlockJUnit4ClassRunner.java:70)
	at org.junit.runners.BlockJUnit4ClassRunner.runChild(BlockJUnit4ClassRunner.java:50)
	at org.junit.runners.ParentRunner$3.run(ParentRunner.java:238)
	at org.junit.runners.ParentRunner$1.schedule(ParentRunner.java:63)
	at org.junit.runners.ParentRunner.runChildren(ParentRunner.java:236)
	at org.junit.runners.ParentRunner.access$000(ParentRunner.java:53)
	at org.junit.runners.ParentRunner$2.evaluate(ParentRunner.java:229)
	at org.junit.rules.TestWatcher$1.evaluate(TestWatcher.java:55)
	at org.junit.rules.RunRules.evaluate(RunRules.java:20)
	at org.junit.runners.ParentRunner.run(ParentRunner.java:309)
	at org.apache.maven.surefire.junit4.JUnit4Provider.execute(JUnit4Provider.java:264)
	at org.apache.maven.surefire.junit4.JUnit4Provider.executeTestSet(JUnit4Provider.java:153)
	at org.apache.maven.surefire.junit4.JUnit4Provider.invoke(JUnit4Provider.java:124)
	at org.apache.maven.surefire.booter.ForkedBooter.invokeProviderInSameClassLoader(ForkedBooter.java:200)
	at org.apache.maven.surefire.booter.ForkedBooter.runSuitesInProcess(ForkedBooter.java:153)
	at org.apache.maven.surefire.booter.ForkedBooter.main(ForkedBooter.java:103)
</stack-trace>
            </failure>
            <steps start="1381237020313" stop="1381237020313" duration="0" status="passed">
                <title>Search by keyword &quot;allure&quot;</title>
            </steps>
            <steps start="1381237020314" stop="1381237020314" duration="0" status="failed">
                <title>Check element by xpath</title>
                <failure>
                    <stack-trace>java.lang.AssertionError
	at org.junit.Assert.fail(Assert.java:86)
	at org.junit.Assert.fail(Assert.java:95)
	at my.company.steps.CommonSteps.hasElementByXPath(CommonSteps.java:63)
	at my.company.steps.CommonSteps$$EnhancerByCGLIB$$b3d749d7.CGLIB$hasElementByXPath$7(&lt;generated&gt;)
	at my.company.steps.CommonSteps$$EnhancerByCGLIB$$b3d749d7$$FastClassByCGLIB$$263571a0.invoke(&lt;generated&gt;)
	at net.sf.cglib.proxy.MethodProxy.invokeSuper(MethodProxy.java:215)
	at ru.yandex.qatools.allure.junit.StepsProxy.processStepMethod(StepsProxy.java:102)
	at ru.yandex.qatools.allure.junit.StepsProxy.access$000(StepsProxy.java:28)
	at ru.yandex.qatools.allure.junit.StepsProxy$1.intercept(StepsProxy.java:53)
	at my.company.steps.CommonSteps$$EnhancerByCGLIB$$b3d749d7.hasElementByXPath(&lt;generated&gt;)
	at my.company.steps.CommonSteps.checkSearchResults(CommonSteps.java:34)
	at my.company.steps.CommonSteps$$EnhancerByCGLIB$$b3d749d7.CGLIB$checkSearchResults$3(&lt;generated&gt;)
	at my.company.steps.CommonSteps$$EnhancerByCGLIB$$b3d749d7$$FastClassByCGLIB$$263571a0.invoke(&lt;generated&gt;)
	at net.sf.cglib.proxy.MethodProxy.invokeSuper(MethodProxy.java:215)
	at ru.yandex.qatools.allure.junit.StepsProxy.processStepMethod(StepsProxy.java:102)
	at ru.yandex.qatools.allure.junit.StepsProxy.access$000(StepsProxy.java:28)
	at ru.yandex.qatools.allure.junit.StepsProxy$1.intercept(StepsProxy.java:53)
	at my.company.steps.CommonSteps$$EnhancerByCGLIB$$b3d749d7.checkSearchResults(&lt;generated&gt;)
	at my.company.TestWithSteps.failedTest(TestWithSteps.java:36)
	at sun.reflect.NativeMethodAccessorImpl.invoke0(Native Method)
	at sun.reflect.NativeMethodAccessorImpl.invoke(NativeMethodAccessorImpl.java:57)
	at sun.reflect.DelegatingMethodAccessorImpl.invoke(DelegatingMethodAccessorImpl.java:43)
	at java.lang.reflect.Method.invoke(Method.java:606)
	at org.junit.runners.model.FrameworkMethod$1.runReflectiveCall(FrameworkMethod.java:47)
	at org.junit.internal.runners.model.ReflectiveCallable.run(ReflectiveCallable.java:12)
	at org.junit.runners.model.FrameworkMethod.invokeExplosively(FrameworkMethod.java:44)
	at org.junit.internal.runners.statements.InvokeMethod.evaluate(InvokeMethod.java:17)
	at org.junit.rules.TestWatcher$1.evaluate(TestWatcher.java:55)
	at org.junit.rules.RunRules.evaluate(RunRules.java:20)
	at org.junit.runners.ParentRunner.runLeaf(ParentRunner.java:271)
	at org.junit.runners.BlockJUnit4ClassRunner.runChild(BlockJUnit4ClassRunner.java:70)
	at org.junit.runners.BlockJUnit4ClassRunner.runChild(BlockJUnit4ClassRunner.java:50)
	at org.junit.runners.ParentRunner$3.run(ParentRunner.java:238)
	at org.junit.runners.ParentRunner$1.schedule(ParentRunner.java:63)
	at org.junit.runners.ParentRunner.runChildren(ParentRunner.java:236)
	at org.junit.runners.ParentRunner.access$000(ParentRunner.java:53)
	at org.junit.runners.ParentRunner$2.evaluate(ParentRunner.java:229)
	at org.junit.rules.TestWatcher$1.evaluate(TestWatcher.java:55)
	at org.junit.rules.RunRules.evaluate(RunRules.java:20)
	at org.junit.runners.ParentRunner.run(ParentRunner.java:309)
	at org.apache.maven.surefire.junit4.JUnit4Provider.execute(JUnit4Provider.java:264)
	at org.apache.maven.surefire.junit4.JUnit4Provider.executeTestSet(JUnit4Provider.java:153)
	at org.apache.maven.surefire.junit4.JUnit4Provider.invoke(JUnit4Provider.java:124)
	at org.apache.maven.surefire.booter.ForkedBooter.invokeProviderInSameClassLoader(ForkedBooter.java:200)
	at org.apache.maven.surefire.booter.ForkedBooter.runSuitesInProcess(ForkedBooter.java:153)
	at org.apache.maven.surefire.booter.ForkedBooter.main(ForkedBooter.java:103)
</stack-trace>
                </failure>
            </steps>
        </steps>
        <steps start="1381237020313" stop="1381237020313" duration="0" status="passed">
            <title>Search by keyword &quot;allure&quot;</title>
        </steps>
        <steps start="1381237020314" stop="1381237020314" duration="0" status="failed">
            <title>Check element by xpath</title>
            <failure>
                <stack-trace>java.lang.AssertionError
	at org.junit.Assert.fail(Assert.java:86)
	at org.junit.Assert.fail(Assert.java:95)
	at my.company.steps.CommonSteps.hasElementByXPath(CommonSteps.java:63)
	at my.company.steps.CommonSteps$$EnhancerByCGLIB$$b3d749d7.CGLIB$hasElementByXPath$7(&lt;generated&gt;)
	at my.company.steps.CommonSteps$$EnhancerByCGLIB$$b3d749d7$$FastClassByCGLIB$$263571a0.invoke(&lt;generated&gt;)
	at net.sf.cglib.proxy.MethodProxy.invokeSuper(MethodProxy.java:215)
	at ru.yandex.qatools.allure.junit.StepsProxy.processStepMethod(StepsProxy.java:102)
	at ru.yandex.qatools.allure.junit.StepsProxy.access$000(StepsProxy.java:28)
	at ru.yandex.qatools.allure.junit.StepsProxy$1.intercept(StepsProxy.java:53)
	at my.company.steps.CommonSteps$$EnhancerByCGLIB$$b3d749d7.hasElementByXPath(&lt;generated&gt;)
	at my.company.steps.CommonSteps.checkSearchResults(CommonSteps.java:34)
	at my.company.steps.CommonSteps$$EnhancerByCGLIB$$b3d749d7.CGLIB$checkSearchResults$3(&lt;generated&gt;)
	at my.company.steps.CommonSteps$$EnhancerByCGLIB$$b3d749d7$$FastClassByCGLIB$$263571a0.invoke(&lt;generated&gt;)
	at net.sf.cglib.proxy.MethodProxy.invokeSuper(MethodProxy.java:215)
	at ru.yandex.qatools.allure.junit.StepsProxy.processStepMethod(StepsProxy.java:102)
	at ru.yandex.qatools.allure.junit.StepsProxy.access$000(StepsProxy.java:28)
	at ru.yandex.qatools.allure.junit.StepsProxy$1.intercept(StepsProxy.java:53)
	at my.company.steps.CommonSteps$$EnhancerByCGLIB$$b3d749d7.checkSearchResults(&lt;generated&gt;)
	at my.company.TestWithSteps.failedTest(TestWithSteps.java:36)
	at sun.reflect.NativeMethodAccessorImpl.invoke0(Native Method)
	at sun.reflect.NativeMethodAccessorImpl.invoke(NativeMethodAccessorImpl.java:57)
	at sun.reflect.DelegatingMethodAccessorImpl.invoke(DelegatingMethodAccessorImpl.java:43)
	at java.lang.reflect.Method.invoke(Method.java:606)
	at org.junit.runners.model.FrameworkMethod$1.runReflectiveCall(FrameworkMethod.java:47)
	at org.junit.internal.runners.model.ReflectiveCallable.run(ReflectiveCallable.java:12)
	at org.junit.runners.model.FrameworkMethod.invokeExplosively(FrameworkMethod.java:44)
	at org.junit.internal.runners.statements.InvokeMethod.evaluate(InvokeMethod.java:17)
	at org.junit.rules.TestWatcher$1.evaluate(TestWatcher.java:55)
	at org.junit.rules.RunRules.evaluate(RunRules.java:20)
	at org.junit.runners.ParentRunner.runLeaf(ParentRunner.java:271)
	at org.junit.runners.BlockJUnit4ClassRunner.runChild(BlockJUnit4ClassRunner.java:70)
	at org.junit.runners.BlockJUnit4ClassRunner.runChild(BlockJUnit4ClassRunner.java:50)
	at org.junit.runners.ParentRunner$3.run(ParentRunner.java:238)
	at org.junit.runners.ParentRunner$1.schedule(ParentRunner.java:63)
	at org.junit.runners.ParentRunner.runChildren(ParentRunner.java:236)
	at org.junit.runners.ParentRunner.access$000(ParentRunner.java:53)
	at org.junit.runners.ParentRunner$2.evaluate(ParentRunner.java:229)
	at org.junit.rules.TestWatcher$1.evaluate(TestWatcher.java:55)
	at org.junit.rules.RunRules.evaluate(RunRules.java:20)
	at org.junit.runners.ParentRunner.run(ParentRunner.java:309)
	at org.apache.maven.surefire.junit4.JUnit4Provider.execute(JUnit4Provider.java:264)
	at org.apache.maven.surefire.junit4.JUnit4Provider.executeTestSet(JUnit4Provider.java:153)
	at org.apache.maven.surefire.junit4.JUnit4Provider.invoke(JUnit4Provider.java:124)
	at org.apache.maven.surefire.booter.ForkedBooter.invokeProviderInSameClassLoader(ForkedBooter.java:200)
	at org.apache.maven.surefire.booter.ForkedBooter.runSuitesInProcess(ForkedBooter.java:153)
	at org.apache.maven.surefire.booter.ForkedBooter.main(ForkedBooter.java:103)
</stack-trace>
            </failure>
        </steps>
        <attachments source="e7583734-57dc-4baf-b211-2ed61e8a7dd5-attachment.png" type="png" name="Screenshot"/>
        <attachments source="aa73e33a-564d-4acc-aceb-5944dcd22c24-attachment.txt" type="txt" name="Stacktrace"/>
        <story-info title="Your allure story" uid="cca8c8ff-8674-48c0-a98d-ca550d7c4e24" feature-uid="fc68e2c7-d525-4b79-9fc0-54012c511100"/>
        <feature-info title="My allure feature" uid="fc68e2c7-d525-4b79-9fc0-54012c511100"/>
    </test-cases>
    <test-cases start="1381237020318" stop="1381237020322" duration="4" steps-count="1" attachments-count="2" status="passed" severity="normal">
        <uid>ea4e5594693ba8ca8240caff7167e41e4c8e55063b255295c90eedb6800bf24e</uid>
        <parent-uid>fdfca7810aef787e194e9dd782139fe001d4e2f85545494540c2cb0db6f484d2</parent-uid>
        <name>passedTest</name>
        <title>Passed test</title>
        <classname>my.company.TestWithSteps</classname>
        <steps start="1381237020321" stop="1381237020321" duration="0" status="passed">
            <title>Open &quot;http://www.yandex.ru&quot; page</title>
        </steps>
        <attachments source="8cc8460d-f225-4647-9b8f-e216c862af09-attachment.txt" type="txt" name="Stacktrace"/>
        <attachments source="c8d775a2-342d-4dad-88b4-4049fd1e74c8-attachment.png" type="png" name="Screenshot"/>
        <story-info title="My allure story" uid="288374d4-655f-4534-a2b4-a4ee0c51169c" feature-uid="fc68e2c7-d525-4b79-9fc0-54012c511100"/>
        <feature-info title="My allure feature" uid="fc68e2c7-d525-4b79-9fc0-54012c511100"/>
    </test-cases>
    <test-cases start="1381237020324" stop="1381237020328" duration="4" steps-count="2" attachments-count="0" status="broken" severity="critical">
        <uid>5a7985bdb991e2f6e9a1d50774eaf88390c9d4cdd8074070427470978444eff7</uid>
        <parent-uid>fdfca7810aef787e194e9dd782139fe001d4e2f85545494540c2cb0db6f484d2</parent-uid>
        <name>brokenTest</name>
        <title>Broken test</title>
        <classname>my.company.TestWithSteps</classname>
        <failure>
            <message>No log file found.</message>
            <stack-trace>java.io.FileNotFoundException: No log file found.
	at my.company.steps.CommonSteps.getLogFile(CommonSteps.java:48)
	at my.company.steps.CommonSteps$$EnhancerByCGLIB$$b3d749d7.CGLIB$getLogFile$4(&lt;generated&gt;)
	at my.company.steps.CommonSteps$$EnhancerByCGLIB$$b3d749d7$$FastClassByCGLIB$$263571a0.invoke(&lt;generated&gt;)
	at net.sf.cglib.proxy.MethodProxy.invokeSuper(MethodProxy.java:215)
	at ru.yandex.qatools.allure.junit.StepsProxy.processStepMethod(StepsProxy.java:102)
	at ru.yandex.qatools.allure.junit.StepsProxy.access$000(StepsProxy.java:28)
	at ru.yandex.qatools.allure.junit.StepsProxy$1.intercept(StepsProxy.java:53)
	at my.company.steps.CommonSteps$$EnhancerByCGLIB$$b3d749d7.getLogFile(&lt;generated&gt;)
	at my.company.TestWithSteps.brokenTest(TestWithSteps.java:43)
	at sun.reflect.NativeMethodAccessorImpl.invoke0(Native Method)
	at sun.reflect.NativeMethodAccessorImpl.invoke(NativeMethodAccessorImpl.java:57)
	at sun.reflect.DelegatingMethodAccessorImpl.invoke(DelegatingMethodAccessorImpl.java:43)
	at java.lang.reflect.Method.invoke(Method.java:606)
	at org.junit.runners.model.FrameworkMethod$1.runReflectiveCall(FrameworkMethod.java:47)
	at org.junit.internal.runners.model.ReflectiveCallable.run(ReflectiveCallable.java:12)
	at org.junit.runners.model.FrameworkMethod.invokeExplosively(FrameworkMethod.java:44)
	at org.junit.internal.runners.statements.InvokeMethod.evaluate(InvokeMethod.java:17)
	at org.junit.rules.TestWatcher$1.evaluate(TestWatcher.java:55)
	at org.junit.rules.RunRules.evaluate(RunRules.java:20)
	at org.junit.runners.ParentRunner.runLeaf(ParentRunner.java:271)
	at org.junit.runners.BlockJUnit4ClassRunner.runChild(BlockJUnit4ClassRunner.java:70)
	at org.junit.runners.BlockJUnit4ClassRunner.runChild(BlockJUnit4ClassRunner.java:50)
	at org.junit.runners.ParentRunner$3.run(ParentRunner.java:238)
	at org.junit.runners.ParentRunner$1.schedule(ParentRunner.java:63)
	at org.junit.runners.ParentRunner.runChildren(ParentRunner.java:236)
	at org.junit.runners.ParentRunner.access$000(ParentRunner.java:53)
	at org.junit.runners.ParentRunner$2.evaluate(ParentRunner.java:229)
	at org.junit.rules.TestWatcher$1.evaluate(TestWatcher.java:55)
	at org.junit.rules.RunRules.evaluate(RunRules.java:20)
	at org.junit.runners.ParentRunner.run(ParentRunner.java:309)
	at org.apache.maven.surefire.junit4.JUnit4Provider.execute(JUnit4Provider.java:264)
	at org.apache.maven.surefire.junit4.JUnit4Provider.executeTestSet(JUnit4Provider.java:153)
	at org.apache.maven.surefire.junit4.JUnit4Provider.invoke(JUnit4Provider.java:124)
	at org.apache.maven.surefire.booter.ForkedBooter.invokeProviderInSameClassLoader(ForkedBooter.java:200)
	at org.apache.maven.surefire.booter.ForkedBooter.runSuitesInProcess(ForkedBooter.java:153)
	at org.apache.maven.surefire.booter.ForkedBooter.main(ForkedBooter.java:103)
</stack-trace>
        </failure>
        <steps start="1381237020327" stop="1381237020327" duration="0" status="passed">
            <title>Open &quot;http://www.yandex.ru&quot; page</title>
        </steps>
        <steps start="1381237020327" stop="1381237020328" duration="1" status="broken">
            <title>Get log [this method should throw FileNotFoundException, its ok]</title>
            <failure>
                <message>No log file found.</message>
                <stack-trace>java.io.FileNotFoundException: No log file found.
	at my.company.steps.CommonSteps.getLogFile(CommonSteps.java:48)
	at my.company.steps.CommonSteps$$EnhancerByCGLIB$$b3d749d7.CGLIB$getLogFile$4(&lt;generated&gt;)
	at my.company.steps.CommonSteps$$EnhancerByCGLIB$$b3d749d7$$FastClassByCGLIB$$263571a0.invoke(&lt;generated&gt;)
	at net.sf.cglib.proxy.MethodProxy.invokeSuper(MethodProxy.java:215)
	at ru.yandex.qatools.allure.junit.StepsProxy.processStepMethod(StepsProxy.java:102)
	at ru.yandex.qatools.allure.junit.StepsProxy.access$000(StepsProxy.java:28)
	at ru.yandex.qatools.allure.junit.StepsProxy$1.intercept(StepsProxy.java:53)
	at my.company.steps.CommonSteps$$EnhancerByCGLIB$$b3d749d7.getLogFile(&lt;generated&gt;)
	at my.company.TestWithSteps.brokenTest(TestWithSteps.java:43)
	at sun.reflect.NativeMethodAccessorImpl.invoke0(Native Method)
	at sun.reflect.NativeMethodAccessorImpl.invoke(NativeMethodAccessorImpl.java:57)
	at sun.reflect.DelegatingMethodAccessorImpl.invoke(DelegatingMethodAccessorImpl.java:43)
	at java.lang.reflect.Method.invoke(Method.java:606)
	at org.junit.runners.model.FrameworkMethod$1.runReflectiveCall(FrameworkMethod.java:47)
	at org.junit.internal.runners.model.ReflectiveCallable.run(ReflectiveCallable.java:12)
	at org.junit.runners.model.FrameworkMethod.invokeExplosively(FrameworkMethod.java:44)
	at org.junit.internal.runners.statements.InvokeMethod.evaluate(InvokeMethod.java:17)
	at org.junit.rules.TestWatcher$1.evaluate(TestWatcher.java:55)
	at org.junit.rules.RunRules.evaluate(RunRules.java:20)
	at org.junit.runners.ParentRunner.runLeaf(ParentRunner.java:271)
	at org.junit.runners.BlockJUnit4ClassRunner.runChild(BlockJUnit4ClassRunner.java:70)
	at org.junit.runners.BlockJUnit4ClassRunner.runChild(BlockJUnit4ClassRunner.java:50)
	at org.junit.runners.ParentRunner$3.run(ParentRunner.java:238)
	at org.junit.runners.ParentRunner$1.schedule(ParentRunner.java:63)
	at org.junit.runners.ParentRunner.runChildren(ParentRunner.java:236)
	at org.junit.runners.ParentRunner.access$000(ParentRunner.java:53)
	at org.junit.runners.ParentRunner$2.evaluate(ParentRunner.java:229)
	at org.junit.rules.TestWatcher$1.evaluate(TestWatcher.java:55)
	at org.junit.rules.RunRules.evaluate(RunRules.java:20)
	at org.junit.runners.ParentRunner.run(ParentRunner.java:309)
	at org.apache.maven.surefire.junit4.JUnit4Provider.execute(JUnit4Provider.java:264)
	at org.apache.maven.surefire.junit4.JUnit4Provider.executeTestSet(JUnit4Provider.java:153)
	at org.apache.maven.surefire.junit4.JUnit4Provider.invoke(JUnit4Provider.java:124)
	at org.apache.maven.surefire.booter.ForkedBooter.invokeProviderInSameClassLoader(ForkedBooter.java:200)
	at org.apache.maven.surefire.booter.ForkedBooter.runSuitesInProcess(ForkedBooter.java:153)
	at org.apache.maven.surefire.booter.ForkedBooter.main(ForkedBooter.java:103)
</stack-trace>
            </failure>
        </steps>
    </test-cases>
</ns2:test-suite>
